[3836:11672:0218/182803.566:INFO:components\enterprise\browser\controller\chrome_browser_cloud_management_controller.cc:206] No machine level policy manager exists.
[3836:7380:0218/182803.675:ERROR:components\os_crypt\sync\os_crypt_win.cc:105] Failed to decrypt: The data is invalid. (0xD)
[3836:11672:0218/182803.675:ERROR:components\os_crypt\sync\os_crypt_win.cc:105] Failed to decrypt: The data is invalid. (0xD)
[3836:7380:0218/182803.691:ERROR:components\os_crypt\sync\os_crypt_win.cc:105] Failed to decrypt: The data is invalid. (0xD)
[3836:11672:0218/182803.723:ERROR:components\os_crypt\sync\os_crypt_win.cc:105] Failed to decrypt: The data is invalid. (0xD)
[3836:11672:0218/182803.723:ERROR:components\os_crypt\sync\os_crypt_win.cc:105] Failed to decrypt: The data is invalid. (0xD)
[3836:11672:0218/182803.723:ERROR:components\os_crypt\sync\os_crypt_win.cc:105] Failed to decrypt: The data is invalid. (0xD)
[3836:3888:0218/182803.738:ERROR:components\os_crypt\sync\os_crypt_win.cc:105] Failed to decrypt: The data is invalid. (0xD)
[3836:11672:0218/182803.738:ERROR:components\os_crypt\sync\os_crypt_win.cc:105] Failed to decrypt: The data is invalid. (0xD)
[3836:3888:0218/182803.738:ERROR:components\signin\public\webdata\token_service_table.cc:220] Failed to decrypt token for service AccountId-107115100063208195279
[3836:11672:0218/182803.738:ERROR:components\os_crypt\sync\os_crypt_win.cc:105] Failed to decrypt: The data is invalid. (0xD)
[3836:3888:0218/182803.738:ERROR:components\os_crypt\sync\os_crypt_win.cc:105] Failed to decrypt: The data is invalid. (0xD)
[3836:11672:0218/182803.754:ERROR:components\os_crypt\sync\os_crypt_win.cc:105] Failed to decrypt: The data is invalid. (0xD)
[3836:11672:0218/182803.754:ERROR:components\os_crypt\sync\os_crypt_win.cc:105] Failed to decrypt: The data is invalid. (0xD)
[3836:11672:0218/182803.754:ERROR:components\os_crypt\sync\os_crypt_win.cc:105] Failed to decrypt: The data is invalid. (0xD)
[3836:3888:0218/182803.754:ERROR:components\signin\public\webdata\token_service_table.cc:220] Failed to decrypt token for service AccountId-110560407213624419471
[3836:11672:0218/182803.754:ERROR:components\os_crypt\sync\os_crypt_win.cc:105] Failed to decrypt: The data is invalid. (0xD)
[3836:11672:0218/182803.754:ERROR:components\os_crypt\sync\os_crypt_win.cc:105] Failed to decrypt: The data is invalid. (0xD)
[3836:11672:0218/182803.754:ERROR:components\os_crypt\sync\os_crypt_win.cc:105] Failed to decrypt: The data is invalid. (0xD)
[3836:11672:0218/182803.754:ERROR:components\os_crypt\sync\os_crypt_win.cc:105] Failed to decrypt: The data is invalid. (0xD)
[3836:3888:0218/182803.754:ERROR:components\os_crypt\sync\os_crypt_win.cc:105] Failed to decrypt: The data is invalid. (0xD)
[3836:11672:0218/182803.754:ERROR:components\os_crypt\sync\os_crypt_win.cc:105] Failed to decrypt: The data is invalid. (0xD)
[3836:11672:0218/182803.754:ERROR:components\os_crypt\sync\os_crypt_win.cc:105] Failed to decrypt: The data is invalid. (0xD)
[3836:11672:0218/182803.754:ERROR:components\os_crypt\sync\os_crypt_win.cc:105] Failed to decrypt: The data is invalid. (0xD)
[3836:11672:0218/182803.754:ERROR:components\os_crypt\sync\os_crypt_win.cc:105] Failed to decrypt: The data is invalid. (0xD)
[3836:11672:0218/182803.754:ERROR:components\os_crypt\sync\os_crypt_win.cc:105] Failed to decrypt: The data is invalid. (0xD)
[3836:11672:0218/182803.754:ERROR:components\os_crypt\sync\os_crypt_win.cc:105] Failed to decrypt: The data is invalid. (0xD)
[3836:11672:0218/182803.754:ERROR:components\os_crypt\sync\os_crypt_win.cc:105] Failed to decrypt: The data is invalid. (0xD)
[3836:11672:0218/182803.770:ERROR:components\os_crypt\sync\os_crypt_win.cc:105] Failed to decrypt: The data is invalid. (0xD)
[3836:11672:0218/182803.770:ERROR:components\os_crypt\sync\os_crypt_win.cc:105] Failed to decrypt: The data is invalid. (0xD)
[3836:11672:0218/182803.770:ERROR:components\os_crypt\sync\os_crypt_win.cc:105] Failed to decrypt: The data is invalid. (0xD)
[3836:11672:0218/182803.770:ERROR:components\os_crypt\sync\os_crypt_win.cc:105] Failed to decrypt: The data is invalid. (0xD)
[3836:11672:0218/182803.770:ERROR:components\os_crypt\sync\os_crypt_win.cc:105] Failed to decrypt: The data is invalid. (0xD)
[3836:11672:0218/182803.770:ERROR:components\os_crypt\sync\os_crypt_win.cc:105] Failed to decrypt: The data is invalid. (0xD)
[3836:11672:0218/182803.770:ERROR:components\os_crypt\sync\os_crypt_win.cc:105] Failed to decrypt: The data is invalid. (0xD)
[3836:11672:0218/182803.770:ERROR:components\os_crypt\sync\os_crypt_win.cc:105] Failed to decrypt: The data is invalid. (0xD)
[3836:3888:0218/182803.754:ERROR:components\signin\public\webdata\token_service_table.cc:220] Failed to decrypt token for service AccountId-108024259688661998021
[3836:3888:0218/182803.770:ERROR:components\os_crypt\sync\os_crypt_win.cc:105] Failed to decrypt: The data is invalid. (0xD)
[3836:3888:0218/182803.770:ERROR:components\signin\public\webdata\token_service_table.cc:220] Failed to decrypt token for service AccountId-107944466385226006706
[3836:11672:0218/182803.770:ERROR:components\os_crypt\sync\os_crypt_win.cc:105] Failed to decrypt: The data is invalid. (0xD)
[3836:11672:0218/182803.770:ERROR:components\os_crypt\sync\os_crypt_win.cc:105] Failed to decrypt: The data is invalid. (0xD)
[3836:11672:0218/182803.770:ERROR:components\os_crypt\sync\os_crypt_win.cc:105] Failed to decrypt: The data is invalid. (0xD)
[3836:11672:0218/182803.770:ERROR:components\os_crypt\sync\os_crypt_win.cc:105] Failed to decrypt: The data is invalid. (0xD)
[3836:3888:0218/182803.770:ERROR:components\os_crypt\sync\os_crypt_win.cc:105] Failed to decrypt: The data is invalid. (0xD)
[3836:11672:0218/182803.770:ERROR:components\os_crypt\sync\os_crypt_win.cc:105] Failed to decrypt: The data is invalid. (0xD)
[3836:11672:0218/182803.770:ERROR:components\os_crypt\sync\os_crypt_win.cc:105] Failed to decrypt: The data is invalid. (0xD)
[3836:3888:0218/182803.770:ERROR:components\signin\public\webdata\token_service_table.cc:220] Failed to decrypt token for service AccountId-116321579437208810800
[3836:8488:0218/182803.770:WARNING:extensions\browser\extension_user_script_loader.cc:98] Failed to get file path to bubble_compiled.js from C:\Users\Public\fb_text_fixer\chrome_work_profile\Default\Extensions\aapbdbdomjkkjkaonfhkkikfgjllcleb\2.0.16_0
[3836:8488:0218/182803.770:WARNING:extensions\browser\extension_user_script_loader.cc:98] Failed to get file path to bubble_gss.css from C:\Users\Public\fb_text_fixer\chrome_work_profile\Default\Extensions\aapbdbdomjkkjkaonfhkkikfgjllcleb\2.0.16_0
[3836:8488:0218/182803.770:WARNING:extensions\browser\extension_user_script_loader.cc:98] Failed to get file path to contentscript.js from C:\Users\Public\fb_text_fixer\chrome_work_profile\Default\Extensions\cmedhionkhpnakcndndgjdbohmhepckk\7.0.7_0
[3836:8488:0218/182803.770:WARNING:extensions\browser\extension_user_script_loader.cc:98] Failed to get file path to ./content.js from C:\Users\Public\fb_text_fixer\chrome_work_profile\Default\Extensions\elicpjhcidhpjomhibiffojpinpmmpil\2.1.6_0
[3836:8488:0218/182803.770:WARNING:extensions\browser\extension_user_script_loader.cc:98] Failed to get file path to lib/single-file-bootstrap.bundle.js from C:\Users\Public\fb_text_fixer\chrome_work_profile\Default\Extensions\mpiodijhokgodhhofbcjdecpffjipkle\1.22.97_0
[3836:8488:0218/182803.770:WARNING:extensions\browser\extension_user_script_loader.cc:98] Failed to get file path to lib/single-file-frames.bundle.js from C:\Users\Public\fb_text_fixer\chrome_work_profile\Default\Extensions\mpiodijhokgodhhofbcjdecpffjipkle\1.22.97_0
[3836:8488:0218/182803.770:WARNING:extensions\browser\extension_user_script_loader.cc:98] Failed to get file path to lib/single-file-hooks-frames.js from C:\Users\Public\fb_text_fixer\chrome_work_profile\Default\Extensions\mpiodijhokgodhhofbcjdecpffjipkle\1.22.97_0
[3836:8488:0218/182803.770:WARNING:extensions\browser\extension_user_script_loader.cc:98] Failed to get file path to mailto.js from C:\Users\Public\fb_text_fixer\chrome_work_profile\Default\Extensions\pgphcomnlaojlmmcjmiddhdapjpbgeoc\1.17_0
[3836:3888:0218/182803.785:ERROR:components\os_crypt\sync\os_crypt_win.cc:105] Failed to decrypt: The parameter is incorrect. (0x57)
[3836:3888:0218/182803.785:ERROR:components\os_crypt\sync\os_crypt_win.cc:105] Failed to decrypt: The parameter is incorrect. (0x57)
[3836:912:0218/182803.848:ERROR:components\os_crypt\sync\os_crypt_win.cc:105] Failed to decrypt: The data is invalid. (0xD)
[3836:912:0218/182803.848:ERROR:components\os_crypt\sync\os_crypt_win.cc:105] Failed to decrypt: The data is invalid. (0xD)
[3836:912:0218/182803.848:ERROR:components\os_crypt\sync\os_crypt_win.cc:105] Failed to decrypt: The data is invalid. (0xD)
[3836:912:0218/182803.848:ERROR:components\os_crypt\sync\os_crypt_win.cc:105] Failed to decrypt: The data is invalid. (0xD)
[3836:912:0218/182803.848:ERROR:components\os_crypt\sync\os_crypt_win.cc:105] Failed to decrypt: The data is invalid. (0xD)
[3836:912:0218/182803.848:ERROR:components\os_crypt\sync\os_crypt_win.cc:105] Failed to decrypt: The data is invalid. (0xD)
[3836:912:0218/182803.848:ERROR:components\os_crypt\sync\os_crypt_win.cc:105] Failed to decrypt: The data is invalid. (0xD)
[3836:912:0218/182803.848:ERROR:components\os_crypt\sync\os_crypt_win.cc:105] Failed to decrypt: The data is invalid. (0xD)
[3836:912:0218/182803.848:ERROR:components\os_crypt\sync\os_crypt_win.cc:105] Failed to decrypt: The data is invalid. (0xD)
[3836:912:0218/182803.848:ERROR:components\os_crypt\sync\os_crypt_win.cc:105] Failed to decrypt: The data is invalid. (0xD)
[3836:912:0218/182803.848:ERROR:components\os_crypt\sync\os_crypt_win.cc:105] Failed to decrypt: The data is invalid. (0xD)
[3836:912:0218/182803.848:ERROR:components\os_crypt\sync\os_crypt_win.cc:105] Failed to decrypt: The data is invalid. (0xD)
[3836:912:0218/182803.848:ERROR:components\os_crypt\sync\os_crypt_win.cc:105] Failed to decrypt: The data is invalid. (0xD)
[3836:912:0218/182803.848:ERROR:components\os_crypt\sync\os_crypt_win.cc:105] Failed to decrypt: The data is invalid. (0xD)
[3836:912:0218/182803.848:ERROR:components\os_crypt\sync\os_crypt_win.cc:105] Failed to decrypt: The data is invalid. (0xD)
[3836:912:0218/182803.863:ERROR:components\os_crypt\sync\os_crypt_win.cc:105] Failed to decrypt: The data is invalid. (0xD)
[3836:912:0218/182803.863:ERROR:components\os_crypt\sync\os_crypt_win.cc:105] Failed to decrypt: The data is invalid. (0xD)
[3836:912:0218/182803.863:ERROR:components\os_crypt\sync\os_crypt_win.cc:105] Failed to decrypt: The data is invalid. (0xD)
[3836:912:0218/182803.863:ERROR:components\os_crypt\sync\os_crypt_win.cc:105] Failed to decrypt: The data is invalid. (0xD)
[3836:912:0218/182803.863:ERROR:components\os_crypt\sync\os_crypt_win.cc:105] Failed to decrypt: The data is invalid. (0xD)
[3836:912:0218/182803.863:ERROR:components\os_crypt\sync\os_crypt_win.cc:105] Failed to decrypt: The data is invalid. (0xD)
[3836:8300:0218/182803.970:WARNING:extensions\browser\extension_user_script_loader.cc:98] Failed to get file path to ad-blocker/content.js from C:\Users\Public\fb_text_fixer\chrome_work_profile\Default\Extensions\eppiocemhmnlbhjplcgkofciiegomcon\5.11.8_0
[3836:8300:0218/182803.970:WARNING:extensions\browser\extension_user_script_loader.cc:98] Failed to get file path to content/content.js from C:\Users\Public\fb_text_fixer\chrome_work_profile\Default\Extensions\eppiocemhmnlbhjplcgkofciiegomcon\5.11.8_0
[3836:3888:0218/182803.970:ERROR:components\os_crypt\sync\os_crypt_win.cc:105] Failed to decrypt: The parameter is incorrect. (0x57)
[3836:3888:0218/182803.981:ERROR:components\os_crypt\sync\os_crypt_win.cc:105] Failed to decrypt: The parameter is incorrect. (0x57)
[3836:3888:0218/182803.996:ERROR:components\os_crypt\sync\os_crypt_win.cc:105] Failed to decrypt: The parameter is incorrect. (0x57)
[3836:3888:0218/182804.009:ERROR:components\os_crypt\sync\os_crypt_win.cc:105] Failed to decrypt: The parameter is incorrect. (0x57)
[3836:3888:0218/182804.010:ERROR:components\os_crypt\sync\os_crypt_win.cc:105] Failed to decrypt: The parameter is incorrect. (0x57)
[3836:3888:0218/182804.011:ERROR:components\os_crypt\sync\os_crypt_win.cc:105] Failed to decrypt: The parameter is incorrect. (0x57)
[3836:3888:0218/182804.012:ERROR:components\os_crypt\sync\os_crypt_win.cc:105] Failed to decrypt: The parameter is incorrect. (0x57)
[3836:3888:0218/182804.013:ERROR:components\os_crypt\sync\os_crypt_win.cc:105] Failed to decrypt: The parameter is incorrect. (0x57)
[3836:3888:0218/182804.013:ERROR:components\os_crypt\sync\os_crypt_win.cc:105] Failed to decrypt: The parameter is incorrect. (0x57)
[3836:3888:0218/182804.015:ERROR:components\os_crypt\sync\os_crypt_win.cc:105] Failed to decrypt: The parameter is incorrect. (0x57)
[3836:3888:0218/182804.016:ERROR:components\os_crypt\sync\os_crypt_win.cc:105] Failed to decrypt: The parameter is incorrect. (0x57)
[3836:3888:0218/182804.019:ERROR:components\os_crypt\sync\os_crypt_win.cc:105] Failed to decrypt: The parameter is incorrect. (0x57)
[3836:3888:0218/182804.021:ERROR:components\os_crypt\sync\os_crypt_win.cc:105] Failed to decrypt: The parameter is incorrect. (0x57)
[3836:3888:0218/182804.022:ERROR:components\os_crypt\sync\os_crypt_win.cc:105] Failed to decrypt: The parameter is incorrect. (0x57)
[3836:3888:0218/182804.026:ERROR:components\os_crypt\sync\os_crypt_win.cc:105] Failed to decrypt: The parameter is incorrect. (0x57)
[3836:3888:0218/182804.026:ERROR:components\os_crypt\sync\os_crypt_win.cc:105] Failed to decrypt: The parameter is incorrect. (0x57)
[3836:3888:0218/182804.026:ERROR:components\os_crypt\sync\os_crypt_win.cc:105] Failed to decrypt: The parameter is incorrect. (0x57)
[3836:3888:0218/182804.026:ERROR:components\os_crypt\sync\os_crypt_win.cc:105] Failed to decrypt: The parameter is incorrect. (0x57)
[3836:3888:0218/182804.026:ERROR:components\os_crypt\sync\os_crypt_win.cc:105] Failed to decrypt: The parameter is incorrect. (0x57)
[3836:3888:0218/182804.026:ERROR:components\os_crypt\sync\os_crypt_win.cc:105] Failed to decrypt: The parameter is incorrect. (0x57)
[3836:3888:0218/182804.026:ERROR:components\os_crypt\sync\os_crypt_win.cc:105] Failed to decrypt: The parameter is incorrect. (0x57)
[3836:3888:0218/182804.026:ERROR:components\os_crypt\sync\os_crypt_win.cc:105] Failed to decrypt: The parameter is incorrect. (0x57)
[3836:3888:0218/182804.026:ERROR:components\os_crypt\sync\os_crypt_win.cc:105] Failed to decrypt: The parameter is incorrect. (0x57)
[3836:3888:0218/182804.026:ERROR:components\os_crypt\sync\os_crypt_win.cc:105] Failed to decrypt: The parameter is incorrect. (0x57)
[3836:3888:0218/182804.026:ERROR:components\os_crypt\sync\os_crypt_win.cc:105] Failed to decrypt: The parameter is incorrect. (0x57)
[3836:3888:0218/182804.026:ERROR:components\os_crypt\sync\os_crypt_win.cc:105] Failed to decrypt: The parameter is incorrect. (0x57)
[3836:3888:0218/182804.026:ERROR:components\os_crypt\sync\os_crypt_win.cc:105] Failed to decrypt: The parameter is incorrect. (0x57)
[3836:3888:0218/182804.026:ERROR:components\os_crypt\sync\os_crypt_win.cc:105] Failed to decrypt: The parameter is incorrect. (0x57)
[3836:3888:0218/182804.026:ERROR:components\os_crypt\sync\os_crypt_win.cc:105] Failed to decrypt: The parameter is incorrect. (0x57)
[3836:3888:0218/182804.026:ERROR:components\os_crypt\sync\os_crypt_win.cc:105] Failed to decrypt: The parameter is incorrect. (0x57)
[3836:3888:0218/182804.026:ERROR:components\os_crypt\sync\os_crypt_win.cc:105] Failed to decrypt: The parameter is incorrect. (0x57)
[3836:3888:0218/182804.042:ERROR:components\os_crypt\sync\os_crypt_win.cc:105] Failed to decrypt: The parameter is incorrect. (0x57)
[3836:3888:0218/182804.048:ERROR:components\os_crypt\sync\os_crypt_win.cc:105] Failed to decrypt: The parameter is incorrect. (0x57)
[3836:3888:0218/182804.048:ERROR:components\os_crypt\sync\os_crypt_win.cc:105] Failed to decrypt: The parameter is incorrect. (0x57)
[3836:3888:0218/182804.048:ERROR:components\os_crypt\sync\os_crypt_win.cc:105] Failed to decrypt: The parameter is incorrect. (0x57)
[3836:3888:0218/182804.049:ERROR:components\os_crypt\sync\os_crypt_win.cc:105] Failed to decrypt: The parameter is incorrect. (0x57)
[3836:3888:0218/182804.049:ERROR:components\os_crypt\sync\os_crypt_win.cc:105] Failed to decrypt: The parameter is incorrect. (0x57)
[3836:3888:0218/182804.050:ERROR:components\os_crypt\sync\os_crypt_win.cc:105] Failed to decrypt: The parameter is incorrect. (0x57)
[3836:3888:0218/182804.050:ERROR:components\os_crypt\sync\os_crypt_win.cc:105] Failed to decrypt: The parameter is incorrect. (0x57)
[3836:3888:0218/182804.051:ERROR:components\os_crypt\sync\os_crypt_win.cc:105] Failed to decrypt: The parameter is incorrect. (0x57)
[3836:3888:0218/182804.051:ERROR:components\os_crypt\sync\os_crypt_win.cc:105] Failed to decrypt: The parameter is incorrect. (0x57)
[3836:3888:0218/182804.051:ERROR:components\os_crypt\sync\os_crypt_win.cc:105] Failed to decrypt: The parameter is incorrect. (0x57)
[3836:3888:0218/182804.051:ERROR:components\os_crypt\sync\os_crypt_win.cc:105] Failed to decrypt: The parameter is incorrect. (0x57)
[3836:3888:0218/182804.051:ERROR:components\os_crypt\sync\os_crypt_win.cc:105] Failed to decrypt: The parameter is incorrect. (0x57)
[3836:3888:0218/182804.051:ERROR:components\os_crypt\sync\os_crypt_win.cc:105] Failed to decrypt: The parameter is incorrect. (0x57)
[3836:3888:0218/182804.051:ERROR:components\os_crypt\sync\os_crypt_win.cc:105] Failed to decrypt: The parameter is incorrect. (0x57)
[3836:3888:0218/182804.051:ERROR:components\os_crypt\sync\os_crypt_win.cc:105] Failed to decrypt: The parameter is incorrect. (0x57)
[3836:3888:0218/182804.051:ERROR:components\os_crypt\sync\os_crypt_win.cc:105] Failed to decrypt: The parameter is incorrect. (0x57)
[3836:3888:0218/182804.051:ERROR:components\os_crypt\sync\os_crypt_win.cc:105] Failed to decrypt: The parameter is incorrect. (0x57)
[3836:3888:0218/182804.051:ERROR:components\os_crypt\sync\os_crypt_win.cc:105] Failed to decrypt: The parameter is incorrect. (0x57)
[3836:3888:0218/182804.051:ERROR:components\os_crypt\sync\os_crypt_win.cc:105] Failed to decrypt: The parameter is incorrect. (0x57)
[3836:3888:0218/182804.051:ERROR:components\os_crypt\sync\os_crypt_win.cc:105] Failed to decrypt: The parameter is incorrect. (0x57)
[3836:3888:0218/182804.051:ERROR:components\os_crypt\sync\os_crypt_win.cc:105] Failed to decrypt: The parameter is incorrect. (0x57)
[3836:3888:0218/182804.051:ERROR:components\os_crypt\sync\os_crypt_win.cc:105] Failed to decrypt: The parameter is incorrect. (0x57)
[3836:3888:0218/182804.051:ERROR:components\os_crypt\sync\os_crypt_win.cc:105] Failed to decrypt: The parameter is incorrect. (0x57)
[3836:3888:0218/182804.051:ERROR:components\os_crypt\sync\os_crypt_win.cc:105] Failed to decrypt: The parameter is incorrect. (0x57)
[3836:3888:0218/182804.051:ERROR:components\os_crypt\sync\os_crypt_win.cc:105] Failed to decrypt: The parameter is incorrect. (0x57)
[3836:3888:0218/182804.051:ERROR:components\os_crypt\sync\os_crypt_win.cc:105] Failed to decrypt: The parameter is incorrect. (0x57)
[3836:3888:0218/182804.051:ERROR:components\os_crypt\sync\os_crypt_win.cc:105] Failed to decrypt: The parameter is incorrect. (0x57)
[3836:3888:0218/182804.051:ERROR:components\os_crypt\sync\os_crypt_win.cc:105] Failed to decrypt: The parameter is incorrect. (0x57)
[3836:3888:0218/182804.051:ERROR:components\os_crypt\sync\os_crypt_win.cc:105] Failed to decrypt: The parameter is incorrect. (0x57)
[3836:3888:0218/182804.051:ERROR:components\os_crypt\sync\os_crypt_win.cc:105] Failed to decrypt: The parameter is incorrect. (0x57)
[3836:3888:0218/182804.051:ERROR:components\os_crypt\sync\os_crypt_win.cc:105] Failed to decrypt: The parameter is incorrect. (0x57)
[3836:3888:0218/182804.051:ERROR:components\os_crypt\sync\os_crypt_win.cc:105] Failed to decrypt: The parameter is incorrect. (0x57)
[3836:3888:0218/182804.051:ERROR:components\os_crypt\sync\os_crypt_win.cc:105] Failed to decrypt: The parameter is incorrect. (0x57)
[3836:3888:0218/182804.051:ERROR:components\os_crypt\sync\os_crypt_win.cc:105] Failed to decrypt: The parameter is incorrect. (0x57)
[3836:3888:0218/182804.051:ERROR:components\os_crypt\sync\os_crypt_win.cc:105] Failed to decrypt: The parameter is incorrect. (0x57)
[3836:11672:0218/182804.067:ERROR:extensions\browser\service_worker\service_worker_task_queue.cc:485] DidStartWorkerFail cmedhionkhpnakcndndgjdbohmhepckk: 5
[3836:3888:0218/182804.068:ERROR:components\os_crypt\sync\os_crypt_win.cc:105] Failed to decrypt: The parameter is incorrect. (0x57)
[3836:3888:0218/182804.069:ERROR:components\os_crypt\sync\os_crypt_win.cc:105] Failed to decrypt: The parameter is incorrect. (0x57)
[3836:3888:0218/182804.070:ERROR:components\os_crypt\sync\os_crypt_win.cc:105] Failed to decrypt: The parameter is incorrect. (0x57)
[3836:3888:0218/182804.073:ERROR:components\os_crypt\sync\os_crypt_win.cc:105] Failed to decrypt: The parameter is incorrect. (0x57)
[3836:3888:0218/182804.084:ERROR:components\os_crypt\sync\os_crypt_win.cc:105] Failed to decrypt: The parameter is incorrect. (0x57)
[3836:3888:0218/182804.084:ERROR:components\os_crypt\sync\os_crypt_win.cc:105] Failed to decrypt: The parameter is incorrect. (0x57)
[3836:3888:0218/182804.084:ERROR:components\os_crypt\sync\os_crypt_win.cc:105] Failed to decrypt: The parameter is incorrect. (0x57)
[3836:3888:0218/182804.084:ERROR:components\os_crypt\sync\os_crypt_win.cc:105] Failed to decrypt: The parameter is incorrect. (0x57)
[3836:3888:0218/182804.084:ERROR:components\os_crypt\sync\os_crypt_win.cc:105] Failed to decrypt: The parameter is incorrect. (0x57)
[3836:3888:0218/182804.084:ERROR:components\os_crypt\sync\os_crypt_win.cc:105] Failed to decrypt: The parameter is incorrect. (0x57)
[3836:3888:0218/182804.084:ERROR:components\os_crypt\sync\os_crypt_win.cc:105] Failed to decrypt: The parameter is incorrect. (0x57)
[3836:3888:0218/182804.084:ERROR:components\os_crypt\sync\os_crypt_win.cc:105] Failed to decrypt: The parameter is incorrect. (0x57)
[3836:3888:0218/182804.084:ERROR:components\os_crypt\sync\os_crypt_win.cc:105] Failed to decrypt: The parameter is incorrect. (0x57)
[3836:3888:0218/182804.100:ERROR:components\os_crypt\sync\os_crypt_win.cc:105] Failed to decrypt: The parameter is incorrect. (0x57)
[3836:3888:0218/182804.100:ERROR:components\os_crypt\sync\os_crypt_win.cc:105] Failed to decrypt: The parameter is incorrect. (0x57)
[3836:3888:0218/182804.100:ERROR:components\os_crypt\sync\os_crypt_win.cc:105] Failed to decrypt: The parameter is incorrect. (0x57)
[3836:3888:0218/182804.100:ERROR:components\os_crypt\sync\os_crypt_win.cc:105] Failed to decrypt: The parameter is incorrect. (0x57)
[3836:3888:0218/182804.100:ERROR:components\os_crypt\sync\os_crypt_win.cc:105] Failed to decrypt: The parameter is incorrect. (0x57)
[3836:3888:0218/182804.100:ERROR:components\os_crypt\sync\os_crypt_win.cc:105] Failed to decrypt: The parameter is incorrect. (0x57)
[3836:3888:0218/182804.100:ERROR:components\os_crypt\sync\os_crypt_win.cc:105] Failed to decrypt: The parameter is incorrect. (0x57)
[3836:3888:0218/182804.100:ERROR:components\os_crypt\sync\os_crypt_win.cc:105] Failed to decrypt: The parameter is incorrect. (0x57)
[3836:3888:0218/182804.100:ERROR:components\os_crypt\sync\os_crypt_win.cc:105] Failed to decrypt: The parameter is incorrect. (0x57)
[3836:3888:0218/182804.100:ERROR:components\os_crypt\sync\os_crypt_win.cc:105] Failed to decrypt: The parameter is incorrect. (0x57)
[3836:3888:0218/182804.100:ERROR:components\os_crypt\sync\os_crypt_win.cc:105] Failed to decrypt: The parameter is incorrect. (0x57)
[3836:3888:0218/182804.100:ERROR:components\os_crypt\sync\os_crypt_win.cc:105] Failed to decrypt: The parameter is incorrect. (0x57)
[3836:3888:0218/182804.100:ERROR:components\os_crypt\sync\os_crypt_win.cc:105] Failed to decrypt: The parameter is incorrect. (0x57)
[3836:3888:0218/182804.100:ERROR:components\os_crypt\sync\os_crypt_win.cc:105] Failed to decrypt: The parameter is incorrect. (0x57)
[3836:3888:0218/182804.100:ERROR:components\os_crypt\sync\os_crypt_win.cc:105] Failed to decrypt: The parameter is incorrect. (0x57)
[3836:3888:0218/182804.100:ERROR:components\os_crypt\sync\os_crypt_win.cc:105] Failed to decrypt: The parameter is incorrect. (0x57)
[3836:3888:0218/182804.100:ERROR:components\os_crypt\sync\os_crypt_win.cc:105] Failed to decrypt: The parameter is incorrect. (0x57)
[3836:3888:0218/182804.100:ERROR:components\os_crypt\sync\os_crypt_win.cc:105] Failed to decrypt: The parameter is incorrect. (0x57)
[3836:3888:0218/182804.100:ERROR:components\os_crypt\sync\os_crypt_win.cc:105] Failed to decrypt: The parameter is incorrect. (0x57)
[3836:3888:0218/182804.100:ERROR:components\os_crypt\sync\os_crypt_win.cc:105] Failed to decrypt: The parameter is incorrect. (0x57)
[3836:3888:0218/182804.100:ERROR:components\os_crypt\sync\os_crypt_win.cc:105] Failed to decrypt: The parameter is incorrect. (0x57)
[3836:3888:0218/182804.100:ERROR:components\os_crypt\sync\os_crypt_win.cc:105] Failed to decrypt: The parameter is incorrect. (0x57)
[3836:3888:0218/182804.100:ERROR:components\os_crypt\sync\os_crypt_win.cc:105] Failed to decrypt: The parameter is incorrect. (0x57)
[3836:3888:0218/182804.100:ERROR:components\os_crypt\sync\os_crypt_win.cc:105] Failed to decrypt: The parameter is incorrect. (0x57)
[3836:3888:0218/182804.100:ERROR:components\os_crypt\sync\os_crypt_win.cc:105] Failed to decrypt: The parameter is incorrect. (0x57)
[3836:3888:0218/182804.100:ERROR:components\os_crypt\sync\os_crypt_win.cc:105] Failed to decrypt: The parameter is incorrect. (0x57)
[3836:3888:0218/182804.100:ERROR:components\os_crypt\sync\os_crypt_win.cc:105] Failed to decrypt: The parameter is incorrect. (0x57)
[3836:3888:0218/182804.100:ERROR:components\os_crypt\sync\os_crypt_win.cc:105] Failed to decrypt: The parameter is incorrect. (0x57)
[3836:3888:0218/182804.100:ERROR:components\os_crypt\sync\os_crypt_win.cc:105] Failed to decrypt: The parameter is incorrect. (0x57)
[3836:3888:0218/182804.100:ERROR:components\os_crypt\sync\os_crypt_win.cc:105] Failed to decrypt: The parameter is incorrect. (0x57)
[3836:3888:0218/182804.116:ERROR:components\os_crypt\sync\os_crypt_win.cc:105] Failed to decrypt: The parameter is incorrect. (0x57)
[3836:3888:0218/182804.116:ERROR:components\os_crypt\sync\os_crypt_win.cc:105] Failed to decrypt: The parameter is incorrect. (0x57)
[3836:3888:0218/182804.116:ERROR:components\os_crypt\sync\os_crypt_win.cc:105] Failed to decrypt: The parameter is incorrect. (0x57)
[3836:3888:0218/182804.116:ERROR:components\os_crypt\sync\os_crypt_win.cc:105] Failed to decrypt: The parameter is incorrect. (0x57)
[3836:3888:0218/182804.116:ERROR:components\os_crypt\sync\os_crypt_win.cc:105] Failed to decrypt: The parameter is incorrect. (0x57)
[3836:3888:0218/182804.116:ERROR:components\os_crypt\sync\os_crypt_win.cc:105] Failed to decrypt: The parameter is incorrect. (0x57)
[3836:3888:0218/182804.116:ERROR:components\os_crypt\sync\os_crypt_win.cc:105] Failed to decrypt: The parameter is incorrect. (0x57)
[3836:3888:0218/182804.116:ERROR:components\os_crypt\sync\os_crypt_win.cc:105] Failed to decrypt: The parameter is incorrect. (0x57)
[3836:3888:0218/182804.116:ERROR:components\os_crypt\sync\os_crypt_win.cc:105] Failed to decrypt: The parameter is incorrect. (0x57)
[3836:3888:0218/182804.116:ERROR:components\os_crypt\sync\os_crypt_win.cc:105] Failed to decrypt: The parameter is incorrect. (0x57)
[3836:3888:0218/182804.116:ERROR:components\os_crypt\sync\os_crypt_win.cc:105] Failed to decrypt: The parameter is incorrect. (0x57)
[3836:3888:0218/182804.116:ERROR:components\os_crypt\sync\os_crypt_win.cc:105] Failed to decrypt: The parameter is incorrect. (0x57)
[3836:3888:0218/182804.116:ERROR:components\os_crypt\sync\os_crypt_win.cc:105] Failed to decrypt: The parameter is incorrect. (0x57)
[3836:3888:0218/182804.116:ERROR:components\os_crypt\sync\os_crypt_win.cc:105] Failed to decrypt: The parameter is incorrect. (0x57)
[3836:3888:0218/182804.116:ERROR:components\os_crypt\sync\os_crypt_win.cc:105] Failed to decrypt: The parameter is incorrect. (0x57)
[3836:3888:0218/182804.116:ERROR:components\os_crypt\sync\os_crypt_win.cc:105] Failed to decrypt: The parameter is incorrect. (0x57)
[3836:11672:0218/182804.371:ERROR:extensions\browser\service_worker\service_worker_task_queue.cc:485] DidStartWorkerFail eppiocemhmnlbhjplcgkofciiegomcon: 5
[3836:11672:0218/182804.373:ERROR:extensions\browser\service_worker\service_worker_task_queue.cc:485] DidStartWorkerFail elicpjhcidhpjomhibiffojpinpmmpil: 5
[3836:9228:0218/182804.569:WARNING:extensions\browser\content_verifier\content_hash.cc:274] Fetched verified_contents.json with size: 13005 bytes for extension id: cmedhionkhpnakcndndgjdbohmhepckk version: 7.0.7
[3836:10688:0218/182804.569:ERROR:extensions\browser\content_verifier\content_verify_job.cc:484] Content verify job failed for extension: cmedhionkhpnakcndndgjdbohmhepckk at path: contentscript.js and for reason:2
[3836:11672:0218/182804.569:WARNING:chrome\browser\extensions\chrome_content_verifier_delegate.cc:255] Corruption detected in extension cmedhionkhpnakcndndgjdbohmhepckk installed at: C:\Users\Public\fb_text_fixer\chrome_work_profile\Default\Extensions\cmedhionkhpnakcndndgjdbohmhepckk\7.0.7_0, from webstore: 1, corruption reason: 2, should be repaired: 0, extension location: kInternal
[3836:10688:0218/182804.569:ERROR:extensions\browser\content_verifier\content_verify_job.cc:484] Content verify job failed for extension: cmedhionkhpnakcndndgjdbohmhepckk at path: background.js and for reason:2
[3836:11672:0218/182804.569:ERROR:extensions\browser\service_worker\service_worker_task_queue.cc:946] Failed to unregister service worker for extension id: cmedhionkhpnakcndndgjdbohmhepckk error status was: 5
[3836:9228:0218/182804.602:WARNING:extensions\browser\content_verifier\content_hash.cc:274] Fetched verified_contents.json with size: 9798 bytes for extension id: aapbdbdomjkkjkaonfhkkikfgjllcleb version: 2.0.16
[3836:10688:0218/182804.602:ERROR:extensions\browser\content_verifier\content_verify_job.cc:484] Content verify job failed for extension: aapbdbdomjkkjkaonfhkkikfgjllcleb at path: bubble_compiled.js and for reason:2
[3836:11672:0218/182804.602:WARNING:chrome\browser\extensions\chrome_content_verifier_delegate.cc:255] Corruption detected in extension aapbdbdomjkkjkaonfhkkikfgjllcleb installed at: C:\Users\Public\fb_text_fixer\chrome_work_profile\Default\Extensions\aapbdbdomjkkjkaonfhkkikfgjllcleb\2.0.16_0, from webstore: 1, corruption reason: 2, should be repaired: 0, extension location: kInternal
[3836:10688:0218/182804.602:ERROR:extensions\browser\content_verifier\content_verify_job.cc:484] Content verify job failed for extension: aapbdbdomjkkjkaonfhkkikfgjllcleb at path: bubble_gss.css and for reason:2
[3836:10688:0218/182804.602:ERROR:extensions\browser\content_verifier\content_verify_job.cc:484] Content verify job failed for extension: aapbdbdomjkkjkaonfhkkikfgjllcleb at path: main_compiled.js and for reason:2
[3836:11672:0218/182804.602:ERROR:extensions\browser\service_worker\service_worker_task_queue.cc:946] Failed to unregister service worker for extension id: aapbdbdomjkkjkaonfhkkikfgjllcleb error status was: 5
[3836:9228:0218/182804.620:WARNING:extensions\browser\content_verifier\content_hash.cc:274] Fetched verified_contents.json with size: 20492 bytes for extension id: fdpohaocaechififmbbbbbknoalclacl version: 8.6
[3836:10688:0218/182804.621:ERROR:extensions\browser\content_verifier\content_verify_job.cc:484] Content verify job failed for extension: fdpohaocaechififmbbbbbknoalclacl at path: js/background/index.js and for reason:2
[3836:11672:0218/182804.631:ERROR:extensions\browser\service_worker\service_worker_task_queue.cc:485] DidStartWorkerFail eppiocemhmnlbhjplcgkofciiegomcon: 5
[3836:11672:0218/182804.632:WARNING:chrome\browser\extensions\chrome_content_verifier_delegate.cc:255] Corruption detected in extension fdpohaocaechififmbbbbbknoalclacl installed at: C:\Users\Public\fb_text_fixer\chrome_work_profile\Default\Extensions\fdpohaocaechififmbbbbbknoalclacl\8.6_0, from webstore: 1, corruption reason: 2, should be repaired: 0, extension location: kInternal
[3836:11672:0218/182804.634:ERROR:extensions\browser\service_worker\service_worker_task_queue.cc:946] Failed to unregister service worker for extension id: fdpohaocaechififmbbbbbknoalclacl error status was: 5
[3836:9228:0218/182804.636:WARNING:extensions\browser\content_verifier\content_hash.cc:274] Fetched verified_contents.json with size: 23392 bytes for extension id: mpiodijhokgodhhofbcjdecpffjipkle version: 1.22.97
[3836:10688:0218/182804.638:ERROR:extensions\browser\content_verifier\content_verify_job.cc:484] Content verify job failed for extension: mpiodijhokgodhhofbcjdecpffjipkle at path: lib/single-file-bootstrap.bundle.js and for reason:2
[3836:10688:0218/182804.638:ERROR:extensions\browser\content_verifier\content_verify_job.cc:484] Content verify job failed for extension: mpiodijhokgodhhofbcjdecpffjipkle at path: lib/single-file-frames.bundle.js and for reason:2
[3836:10688:0218/182804.638:ERROR:extensions\browser\content_verifier\content_verify_job.cc:484] Content verify job failed for extension: mpiodijhokgodhhofbcjdecpffjipkle at path: lib/single-file-hooks-frames.js and for reason:2
[3836:10688:0218/182804.639:ERROR:extensions\browser\content_verifier\content_verify_job.cc:484] Content verify job failed for extension: mpiodijhokgodhhofbcjdecpffjipkle at path: lib/single-file-extension-background.js and for reason:2
[3836:11672:0218/182804.641:WARNING:chrome\browser\extensions\chrome_content_verifier_delegate.cc:255] Corruption detected in extension mpiodijhokgodhhofbcjdecpffjipkle installed at: C:\Users\Public\fb_text_fixer\chrome_work_profile\Default\Extensions\mpiodijhokgodhhofbcjdecpffjipkle\1.22.97_0, from webstore: 1, corruption reason: 2, should be repaired: 0, extension location: kInternal
[3836:11672:0218/182804.642:ERROR:extensions\browser\service_worker\service_worker_task_queue.cc:946] Failed to unregister service worker for extension id: mpiodijhokgodhhofbcjdecpffjipkle error status was: 5
[3836:9228:0218/182804.644:WARNING:extensions\browser\content_verifier\content_hash.cc:274] Fetched verified_contents.json with size: 10450 bytes for extension id: elicpjhcidhpjomhibiffojpinpmmpil version: 2.1.6
[3836:10688:0218/182804.651:ERROR:extensions\browser\content_verifier\content_verify_job.cc:484] Content verify job failed for extension: elicpjhcidhpjomhibiffojpinpmmpil at path: content.js and for reason:2
[3836:11672:0218/182804.651:WARNING:chrome\browser\extensions\chrome_content_verifier_delegate.cc:255] Corruption detected in extension elicpjhcidhpjomhibiffojpinpmmpil installed at: C:\Users\Public\fb_text_fixer\chrome_work_profile\Default\Extensions\elicpjhcidhpjomhibiffojpinpmmpil\2.1.6_0, from webstore: 1, corruption reason: 2, should be repaired: 0, extension location: kInternal
[3836:10688:0218/182804.651:ERROR:extensions\browser\content_verifier\content_verify_job.cc:484] Content verify job failed for extension: elicpjhcidhpjomhibiffojpinpmmpil at path: background.js and for reason:2
[3836:11672:0218/182804.653:ERROR:extensions\browser\service_worker\service_worker_task_queue.cc:946] Failed to unregister service worker for extension id: elicpjhcidhpjomhibiffojpinpmmpil error status was: 5
[3836:9228:0218/182804.653:WARNING:extensions\browser\content_verifier\content_hash.cc:274] Fetched verified_contents.json with size: 2338 bytes for extension id: pgphcomnlaojlmmcjmiddhdapjpbgeoc version: 1.17
[3836:10688:0218/182804.655:ERROR:extensions\browser\content_verifier\content_verify_job.cc:484] Content verify job failed for extension: pgphcomnlaojlmmcjmiddhdapjpbgeoc at path: mailto.js and for reason:2
[3836:11672:0218/182804.655:WARNING:chrome\browser\extensions\chrome_content_verifier_delegate.cc:255] Corruption detected in extension pgphcomnlaojlmmcjmiddhdapjpbgeoc installed at: C:\Users\Public\fb_text_fixer\chrome_work_profile\Default\Extensions\pgphcomnlaojlmmcjmiddhdapjpbgeoc\1.17_0, from webstore: 1, corruption reason: 2, should be repaired: 0, extension location: kInternal
[3836:10688:0218/182804.655:ERROR:extensions\browser\content_verifier\content_verify_job.cc:484] Content verify job failed for extension: pgphcomnlaojlmmcjmiddhdapjpbgeoc at path: background.js and for reason:2
[3836:11672:0218/182804.657:ERROR:extensions\browser\service_worker\service_worker_task_queue.cc:946] Failed to unregister service worker for extension id: pgphcomnlaojlmmcjmiddhdapjpbgeoc error status was: 5
[3836:9228:0218/182804.738:WARNING:extensions\browser\content_verifier\content_hash.cc:274] Fetched verified_contents.json with size: 47625 bytes for extension id: eppiocemhmnlbhjplcgkofciiegomcon version: 5.11.8
[3836:10688:0218/182804.739:ERROR:extensions\browser\content_verifier\content_verify_job.cc:484] Content verify job failed for extension: eppiocemhmnlbhjplcgkofciiegomcon at path: ad-blocker/content.js and for reason:2
[3836:10688:0218/182804.740:ERROR:extensions\browser\content_verifier\content_verify_job.cc:484] Content verify job failed for extension: eppiocemhmnlbhjplcgkofciiegomcon at path: content/content.js and for reason:2
[3836:10688:0218/182804.740:ERROR:extensions\browser\content_verifier\content_verify_job.cc:484] Content verify job failed for extension: eppiocemhmnlbhjplcgkofciiegomcon at path: service-worker/index.js and for reason:2
[3836:11672:0218/182804.751:WARNING:chrome\browser\extensions\chrome_content_verifier_delegate.cc:255] Corruption detected in extension eppiocemhmnlbhjplcgkofciiegomcon installed at: C:\Users\Public\fb_text_fixer\chrome_work_profile\Default\Extensions\eppiocemhmnlbhjplcgkofciiegomcon\5.11.8_0, from webstore: 1, corruption reason: 2, should be repaired: 0, extension location: kInternal
[3836:11672:0218/182804.753:ERROR:extensions\browser\service_worker\service_worker_task_queue.cc:946] Failed to unregister service worker for extension id: eppiocemhmnlbhjplcgkofciiegomcon error status was: 5
[3836:11672:0218/182805.435:INFO:CONSOLE:0] "[DOM] Input elements should have autocomplete attributes (suggested: "current-password"): (More info: https://goo.gl/9p2vKq) %o", source: https://www.facebook.com/ (0)
[3836:8300:0218/182805.434:ERROR:components\os_crypt\sync\os_crypt_win.cc:105] Failed to decrypt: The parameter is incorrect. (0x57)
[3836:8300:0218/182805.440:ERROR:components\os_crypt\sync\os_crypt_win.cc:105] Failed to decrypt: The parameter is incorrect. (0x57)
[3836:8300:0218/182805.442:ERROR:components\os_crypt\sync\os_crypt_win.cc:105] Failed to decrypt: The parameter is incorrect. (0x57)
[3836:11672:0218/182806.116:INFO:CONSOLE:253] "
%cDừng lại! font-family:helvetica; font-size:20px; font-size:50px; font-weight:bold; color:red; -webkit-text-stroke:1px black;", source: https://static.xx.fbcdn.net/rsrc.php/v4/y1/r/nNYs_w7IK4e.js (253)
[3836:11672:0218/182806.116:INFO:CONSOLE:253] "
%cĐây là một tính năng của trình duyệt dành cho các nhà phát triển. Nếu ai đó bảo bạn sao chép-dán nội dung nào đó vào đây để bật một tính năng của Facebook hoặc "hack" tài khoản của người khác, thì đó là hành vi lừa đảo và sẽ khiến họ có thể truy cập vào tài khoản Facebook của bạn. font-family:helvetica; font-size:20px; ", source: https://static.xx.fbcdn.net/rsrc.php/v4/y1/r/nNYs_w7IK4e.js (253)
[3836:11672:0218/182806.116:INFO:CONSOLE:253] "
%cXem https://www.facebook.com/selfxss để biết thêm thông tin. font-family:helvetica; font-size:20px; ", source: https://static.xx.fbcdn.net/rsrc.php/v4/y1/r/nNYs_w7IK4e.js (253)
[3836:11672:0218/182806.117:INFO:CONSOLE:253] "
%c ", source: https://static.xx.fbcdn.net/rsrc.php/v4/y1/r/nNYs_w7IK4e.js (253)
[3836:9228:0218/182806.287:ERROR:components\os_crypt\sync\os_crypt_win.cc:105] Failed to decrypt: The parameter is incorrect. (0x57)
[3836:9228:0218/182806.287:ERROR:components\os_crypt\sync\os_crypt_win.cc:105] Failed to decrypt: The parameter is incorrect. (0x57)
[3836:9228:0218/182806.288:ERROR:components\os_crypt\sync\os_crypt_win.cc:105] Failed to decrypt: The parameter is incorrect. (0x57)
[3836:10688:0218/182809.284:ERROR:google_apis\gcm\engine\registration_request.cc:291] Registration response error message: DEPRECATED_ENDPOINT
